<?xml version="1.0" encoding="UTF-8"?>
<testsuite name="PersonalAssistantTest" tests="1" skipped="0" failures="0" errors="0" timestamp="2020-06-10T23:42:07" hostname="DESKTOP-4ISNE8G" time="0.104">
  <properties/>
  <testcase name="start" classname="PersonalAssistantTest" time="0.104"/>
  <system-out><![CDATA[?[1;31m
Start test 1?[0m
Hello! My name is Sebastian
I was created in 2020
]]></system-out>
  <system-err><![CDATA[]]></system-err>
</testsuite>
